Using pre-set license
Built from '2020.3/staging' branch; Version is '2020.3.13f1 (71691879b7f5) revision 7432472'; Using compiler version '192528614'; Build Type 'Release'
OS: 'Windows 10 Pro; OS build 19042.1165; Version 2009; 64bit' Language: 'ru' Physical Memory: 16332 MB
BatchMode: 1, IsHumanControllingUs: 0, StartBugReporterOnCrash: 0, Is64bit: 1, IsPro: 0

 COMMAND LINE ARGUMENTS:
E:\UnityHub\2020.3.13f1\Editor\Unity.exe
-adb2
-batchMode
-noUpm
-name
AssetImportWorker0
-projectPath
E:/projectfolder/GBlesson2
-logFile
Logs/AssetImportWorker0.log
-srvPort
60722
Successfully changed project path to: E:/projectfolder/GBlesson2
E:/projectfolder/GBlesson2
Using Asset Import Pipeline V2.
Refreshing native plugins compatible for Editor in 119.69 ms, found 2 plugins.
Preloading 0 native plugins for Editor in 0.00 ms.
Initialize engine version: 2020.3.13f1 (71691879b7f5)
[Subsystems] Discovering subsystems at path E:/UnityHub/2020.3.13f1/Editor/Data/Resources/UnitySubsystems
[Subsystems] Discovering subsystems at path E:/projectfolder/GBlesson2/Assets
GfxDevice: creating device client; threaded=0
Direct3D:
    Version:  Direct3D 11.0 [level 11.1]
    Renderer: NVIDIA GeForce GTX 1050 Ti (ID=0x1c82)
    Vendor:   
    VRAM:     4018 MB
    Driver:   27.21.14.6192
Initialize mono
Mono path[0] = 'E:/UnityHub/2020.3.13f1/Editor/Data/Managed'
Mono path[1] = 'E:/UnityHub/2020.3.13f1/Editor/Data/MonoBleedingEdge/lib/mono/unityjit'
Mono config path = 'E:/UnityHub/2020.3.13f1/Editor/Data/MonoBleedingEdge/etc'
Using monoOptions --debugger-agent=transport=dt_socket,embedding=1,server=y,suspend=n,address=127.0.0.1:56152
Begin MonoManager ReloadAssembly
Registering precompiled unity dll's ...
Register platform support module: E:/UnityHub/2020.3.13f1/Editor/Data/PlaybackEngines/WebGLSupport/UnityEditor.WebGL.Extensions.dll
Register platform support module: E:/UnityHub/2020.3.13f1/Editor/Data/PlaybackEngines/WindowsStandaloneSupport/UnityEditor.WindowsStandalone.Extensions.dll
Registered in 0.002682 seconds.
Native extension for WindowsStandalone target not found
Native extension for WebGL target not found
Refreshing native plugins compatible for Editor in 103.53 ms, found 2 plugins.
Preloading 0 native plugins for Editor in 0.00 ms.
Mono: successfully reloaded assembly
- Completed reload, in  2.012 seconds
Platform modules already initialized, skipping
Registering precompiled user dll's ...
Registered in 0.007645 seconds.
Begin MonoManager ReloadAssembly
Native extension for WindowsStandalone target not found
Native extension for WebGL target not found
Refreshing native plugins compatible for Editor in 1.17 ms, found 2 plugins.
Preloading 0 native plugins for Editor in 0.00 ms.
Mono: successfully reloaded assembly
- Completed reload, in  2.404 seconds
Platform modules already initialized, skipping
========================================================================
Worker process is ready to serve import requests
Launched and connected shader compiler UnityShaderCompiler.exe after 0.13 seconds
Refreshing native plugins compatible for Editor in 1.34 ms, found 2 plugins.
Preloading 0 native plugins for Editor in 0.00 ms.
Unloading 2367 Unused Serialized files (Serialized files now loaded: 0)
System memory in use before: 192.1 MB.
System memory in use after: 192.3 MB.

Unloading 44 unused Assets to reduce memory usage. Loaded Objects now: 2808.
Total: 5.001500 ms (FindLiveObjects: 0.656900 ms CreateObjectMapping: 0.218300 ms MarkObjects: 3.819500 ms  DeleteObjects: 0.304900 ms)

AssetImportParameters requested are different than current active one (requested -> active):
  custom:framework-win-MediaFoundation: 216162199b28c13a410421893ffa2e32 -> 
  custom:video-decoder-ogg-theora: a1e56fd34408186e4bbccfd4996cb3dc -> 
  custom:container-muxer-webm: aa71ff27fc2769a1b78a27578f13a17b -> 
  custom:container-demuxer-webm: 4f35f7cbe854078d1ac9338744f61a02 -> 
  custom:container-demuxer-ogg: 62fdf1f143b41e24485cea50d1cbac27 -> 
  custom:video-encoder-webm-vp8: eb34c28f22e8b96e1ab97ce403110664 -> 
  custom:video-decoder-webm-vp8: 9c59270c3fd7afecdb556c50c9e8de78 -> 
  custom:audio-decoder-ogg-vorbis: bf7c407c2cedff20999df2af8eb42d56 -> 
  custom:audio-encoder-webm-vorbis: bf7c407c2cedff20999df2af8eb42d56 -> 
========================================================================
Received Import Request.
  path: Assets/MyAddon/Projectile_Shotgun.prefab
  artifactKey: Guid(4da4c0fbdd413c24eb914b2599d32ca4) Importer(815301076,1909f56bfc062723c751e8b465ee728b)
Start importing Assets/MyAddon/Projectile_Shotgun.prefab using Guid(4da4c0fbdd413c24eb914b2599d32ca4) Importer(815301076,1909f56bfc062723c751e8b465ee728b)  -> (artifact id: '9ca40282f9ec7045126b6ba4b2879c50') in 0.078451 seconds 
  Import took 0.090188 seconds .

========================================================================
Received Import Request.
  Time since last request: 0.000307 seconds.
  path: Assets/MyAddon/Projectile_Turret.prefab
  artifactKey: Guid(9324422634bf7524d99353d1b7879ef4) Importer(815301076,1909f56bfc062723c751e8b465ee728b)
Start importing Assets/MyAddon/Projectile_Turret.prefab using Guid(9324422634bf7524d99353d1b7879ef4) Importer(815301076,1909f56bfc062723c751e8b465ee728b)  -> (artifact id: '7220bf44d87f93f645c96f2420c78055') in 0.005404 seconds 
  Import took 0.020808 seconds .

========================================================================
Received Import Request.
  Time since last request: 182.716028 seconds.
  path: Assets/MyAddon/Weapon_Shotgun.prefab
  artifactKey: Guid(d459d88cf1f074248a6d99f8d8ad3855) Importer(815301076,1909f56bfc062723c751e8b465ee728b)
Start importing Assets/MyAddon/Weapon_Shotgun.prefab using Guid(d459d88cf1f074248a6d99f8d8ad3855) Importer(815301076,1909f56bfc062723c751e8b465ee728b)  -> (artifact id: 'bf7c30d0b1554ffa7a5fa19ae9aa6917') in 0.125523 seconds 
  Import took 0.140191 seconds .

========================================================================
Received Import Request.
  Time since last request: 55.569295 seconds.
  path: Assets/MyAddon/Weapon_Shotgun 1.prefab
  artifactKey: Guid(cb52e687289a29b46bbd73847bf64579) Importer(815301076,1909f56bfc062723c751e8b465ee728b)
Start importing Assets/MyAddon/Weapon_Shotgun 1.prefab using Guid(cb52e687289a29b46bbd73847bf64579) Importer(815301076,1909f56bfc062723c751e8b465ee728b)  -> (artifact id: '920e729d6fdac01608def63881c6dbc9') in 0.017697 seconds 
  Import took 0.029252 seconds .

========================================================================
Received Import Request.
  Time since last request: 4.944917 seconds.
  path: Assets/MyAddon/Weapon_Shotgun 2.prefab
  artifactKey: Guid(19a31fd9510f6344a84bf0c9d9df4950) Importer(815301076,1909f56bfc062723c751e8b465ee728b)
Start importing Assets/MyAddon/Weapon_Shotgun 2.prefab using Guid(19a31fd9510f6344a84bf0c9d9df4950) Importer(815301076,1909f56bfc062723c751e8b465ee728b)  -> (artifact id: '282ce372971fbe16f8f96761a82cc269') in 0.014474 seconds 
  Import took 0.022453 seconds .

========================================================================
Received Import Request.
  Time since last request: 0.013407 seconds.
  path: Assets/MyAddon/Weapon_Shotgun 2.prefab
  artifactKey: Guid(19a31fd9510f6344a84bf0c9d9df4950) Importer(815301076,1909f56bfc062723c751e8b465ee728b)
Start importing Assets/MyAddon/Weapon_Shotgun 2.prefab using Guid(19a31fd9510f6344a84bf0c9d9df4950) Importer(815301076,1909f56bfc062723c751e8b465ee728b)  -> (artifact id: '282ce372971fbe16f8f96761a82cc269') in 0.016519 seconds 
  Import took 0.024968 seconds .

========================================================================
Received Import Request.
  Time since last request: 145.591414 seconds.
  path: Assets/MyAddon
  artifactKey: Guid(0a7bbaa5ef86a60409b2c11bea3761d0) Importer(815301076,1909f56bfc062723c751e8b465ee728b)
Start importing Assets/MyAddon using Guid(0a7bbaa5ef86a60409b2c11bea3761d0) Importer(815301076,1909f56bfc062723c751e8b465ee728b)  -> (artifact id: 'b0066b7fc7ed603403a06a1a8f3177b1') in 0.004682 seconds 
  Import took 0.018531 seconds .

========================================================================
Received Import Request.
  Time since last request: 0.001227 seconds.
  path: Assets/MyAddon
  artifactKey: Guid(0a7bbaa5ef86a60409b2c11bea3761d0) Importer(815301076,1909f56bfc062723c751e8b465ee728b)
Start importing Assets/MyAddon using Guid(0a7bbaa5ef86a60409b2c11bea3761d0) Importer(815301076,1909f56bfc062723c751e8b465ee728b)  -> (artifact id: 'b0066b7fc7ed603403a06a1a8f3177b1') in 0.002421 seconds 
  Import took 0.008528 seconds .

========================================================================
Received Import Request.
  Time since last request: 15.435488 seconds.
  path: Assets/MyAddon/ProjectileStandartScrript.cs
  artifactKey: Guid(02862947cfeb84146bd88588d22fc5df) Importer(815301076,1909f56bfc062723c751e8b465ee728b)
Start importing Assets/MyAddon/ProjectileStandartScrript.cs using Guid(02862947cfeb84146bd88588d22fc5df) Importer(815301076,1909f56bfc062723c751e8b465ee728b)  -> (artifact id: '7a60b59e3deec76e16cd72ae973cd601') in 0.007185 seconds 
  Import took 0.021350 seconds .

========================================================================
Received Prepare
Registering precompiled user dll's ...
Registered in 0.009048 seconds.
Begin MonoManager ReloadAssembly
Native extension for WindowsStandalone target not found
Native extension for WebGL target not found
Refreshing native plugins compatible for Editor in 1.31 ms, found 2 plugins.
Preloading 0 native plugins for Editor in 0.00 ms.
Mono: successfully reloaded assembly
- Completed reload, in  2.355 seconds
Platform modules already initialized, skipping
Refreshing native plugins compatible for Editor in 1.25 ms, found 2 plugins.
Preloading 0 native plugins for Editor in 0.00 ms.
Unloading 2295 Unused Serialized files (Serialized files now loaded: 0)
System memory in use before: 188.6 MB.
System memory in use after: 188.8 MB.

Unloading 35 unused Assets to reduce memory usage. Loaded Objects now: 2819.
Total: 4.033500 ms (FindLiveObjects: 0.499400 ms CreateObjectMapping: 0.163100 ms MarkObjects: 3.170900 ms  DeleteObjects: 0.198300 ms)

AssetImportParameters requested are different than current active one (requested -> active):
  custom:framework-win-MediaFoundation: 216162199b28c13a410421893ffa2e32 -> 
  custom:video-decoder-ogg-theora: a1e56fd34408186e4bbccfd4996cb3dc -> 
  custom:container-muxer-webm: aa71ff27fc2769a1b78a27578f13a17b -> 
  custom:container-demuxer-webm: 4f35f7cbe854078d1ac9338744f61a02 -> 
  custom:container-demuxer-ogg: 62fdf1f143b41e24485cea50d1cbac27 -> 
  custom:video-encoder-webm-vp8: eb34c28f22e8b96e1ab97ce403110664 -> 
  custom:video-decoder-webm-vp8: 9c59270c3fd7afecdb556c50c9e8de78 -> 
  custom:audio-decoder-ogg-vorbis: bf7c407c2cedff20999df2af8eb42d56 -> 
  custom:audio-encoder-webm-vorbis: bf7c407c2cedff20999df2af8eb42d56 -> 
========================================================================
Received Prepare
Registering precompiled user dll's ...
Registered in 0.008096 seconds.
Begin MonoManager ReloadAssembly
Native extension for WindowsStandalone target not found
Native extension for WebGL target not found
Refreshing native plugins compatible for Editor in 1.44 ms, found 2 plugins.
Preloading 0 native plugins for Editor in 0.00 ms.
Mono: successfully reloaded assembly
- Completed reload, in  2.780 seconds
Platform modules already initialized, skipping
Script is not up to date after domain reload: guid(43ce68685066d7f489d922d9dc9f6548) path("Assets/MyAddon/ProjectileChargeParameters.cs") state(2)
Script is not up to date after domain reload: guid(6317d52ca990a274eb58d7b972e01102) path("Assets/MyAddon/ProjectileStandard.cs") state(2)
Refreshing native plugins compatible for Editor in 1.65 ms, found 2 plugins.
Preloading 0 native plugins for Editor in 0.00 ms.
Unloading 2295 Unused Serialized files (Serialized files now loaded: 0)
System memory in use before: 188.7 MB.
System memory in use after: 188.8 MB.

Unloading 35 unused Assets to reduce memory usage. Loaded Objects now: 2821.
Total: 5.528100 ms (FindLiveObjects: 0.591600 ms CreateObjectMapping: 0.210600 ms MarkObjects: 4.486200 ms  DeleteObjects: 0.237700 ms)

AssetImportParameters requested are different than current active one (requested -> active):
  custom:framework-win-MediaFoundation: 216162199b28c13a410421893ffa2e32 -> 
  custom:video-decoder-ogg-theora: a1e56fd34408186e4bbccfd4996cb3dc -> 
  custom:container-muxer-webm: aa71ff27fc2769a1b78a27578f13a17b -> 
  custom:container-demuxer-webm: 4f35f7cbe854078d1ac9338744f61a02 -> 
  custom:container-demuxer-ogg: 62fdf1f143b41e24485cea50d1cbac27 -> 
  custom:video-encoder-webm-vp8: eb34c28f22e8b96e1ab97ce403110664 -> 
  custom:video-decoder-webm-vp8: 9c59270c3fd7afecdb556c50c9e8de78 -> 
  custom:audio-decoder-ogg-vorbis: bf7c407c2cedff20999df2af8eb42d56 -> 
  custom:audio-encoder-webm-vorbis: bf7c407c2cedff20999df2af8eb42d56 -> 
========================================================================
Received Import Request.
  Time since last request: 97.275560 seconds.
  path: Assets/MyAddon/ProjectileStandartScrript.cs
  artifactKey: Guid(02862947cfeb84146bd88588d22fc5df) Importer(815301076,1909f56bfc062723c751e8b465ee728b)
Start importing Assets/MyAddon/ProjectileStandartScrript.cs using Guid(02862947cfeb84146bd88588d22fc5df) Importer(815301076,1909f56bfc062723c751e8b465ee728b)  -> (artifact id: 'b54bd7fbe55fbd5a66c4c704a284c55e') in 0.012206 seconds 
  Import took 0.023764 seconds .

========================================================================
Received Import Request.
  Time since last request: 2.179379 seconds.
  path: Assets/MyAddon/ProjectileChargeParameters.cs
  artifactKey: Guid(43ce68685066d7f489d922d9dc9f6548) Importer(815301076,1909f56bfc062723c751e8b465ee728b)
Start importing Assets/MyAddon/ProjectileChargeParameters.cs using Guid(43ce68685066d7f489d922d9dc9f6548) Importer(815301076,1909f56bfc062723c751e8b465ee728b)  -> (artifact id: 'd3ef544079cee2ed825500abc9fe3daf') in 0.002729 seconds 
  Import took 0.023997 seconds .

========================================================================
Received Import Request.
  Time since last request: 18.869080 seconds.
  path: Assets/MyAddon/ProjectileStandard.cs
  artifactKey: Guid(6317d52ca990a274eb58d7b972e01102) Importer(815301076,1909f56bfc062723c751e8b465ee728b)
Start importing Assets/MyAddon/ProjectileStandard.cs using Guid(6317d52ca990a274eb58d7b972e01102) Importer(815301076,1909f56bfc062723c751e8b465ee728b)  -> (artifact id: 'ad1bb403349609f6aabe1c193cc51987') in 0.002233 seconds 
  Import took 0.019547 seconds .

========================================================================
Received Prepare
Registering precompiled user dll's ...
Registered in 0.008175 seconds.
Begin MonoManager ReloadAssembly
Native extension for WindowsStandalone target not found
Native extension for WebGL target not found
Refreshing native plugins compatible for Editor in 1.25 ms, found 2 plugins.
Preloading 0 native plugins for Editor in 0.00 ms.
Mono: successfully reloaded assembly
- Completed reload, in  2.394 seconds
Platform modules already initialized, skipping
Refreshing native plugins compatible for Editor in 2.20 ms, found 2 plugins.
Preloading 0 native plugins for Editor in 0.00 ms.
Unloading 2294 Unused Serialized files (Serialized files now loaded: 0)
System memory in use before: 188.7 MB.
System memory in use after: 188.8 MB.

Unloading 36 unused Assets to reduce memory usage. Loaded Objects now: 2822.
Total: 11.949400 ms (FindLiveObjects: 0.685400 ms CreateObjectMapping: 0.232900 ms MarkObjects: 10.729400 ms  DeleteObjects: 0.299000 ms)

AssetImportParameters requested are different than current active one (requested -> active):
  custom:framework-win-MediaFoundation: 216162199b28c13a410421893ffa2e32 -> 
  custom:video-decoder-ogg-theora: a1e56fd34408186e4bbccfd4996cb3dc -> 
  custom:container-muxer-webm: aa71ff27fc2769a1b78a27578f13a17b -> 
  custom:container-demuxer-webm: 4f35f7cbe854078d1ac9338744f61a02 -> 
  custom:container-demuxer-ogg: 62fdf1f143b41e24485cea50d1cbac27 -> 
  custom:video-encoder-webm-vp8: eb34c28f22e8b96e1ab97ce403110664 -> 
  custom:video-decoder-webm-vp8: 9c59270c3fd7afecdb556c50c9e8de78 -> 
  custom:audio-decoder-ogg-vorbis: bf7c407c2cedff20999df2af8eb42d56 -> 
  custom:audio-encoder-webm-vorbis: bf7c407c2cedff20999df2af8eb42d56 -> 
========================================================================
Received Import Request.
  Time since last request: 358.646370 seconds.
  path: Assets/MyAddon/DebugUtility.cs
  artifactKey: Guid(7d61f95339685bd40853cd3cf61db524) Importer(815301076,1909f56bfc062723c751e8b465ee728b)
Start importing Assets/MyAddon/DebugUtility.cs using Guid(7d61f95339685bd40853cd3cf61db524) Importer(815301076,1909f56bfc062723c751e8b465ee728b)  -> (artifact id: 'ce4a7a769e8deb2f724e7fd1dd6f1abf') in 0.009736 seconds 
  Import took 0.024036 seconds .

========================================================================
Received Import Request.
  Time since last request: 9.915673 seconds.
  path: Assets/MyAddon/DamageArea.cs
  artifactKey: Guid(495f28cedd68694479877c390796cfc8) Importer(815301076,1909f56bfc062723c751e8b465ee728b)
Start importing Assets/MyAddon/DamageArea.cs using Guid(495f28cedd68694479877c390796cfc8) Importer(815301076,1909f56bfc062723c751e8b465ee728b)  -> (artifact id: 'fe6c8930584cffe0697bcddc9e3d99bd') in 0.002688 seconds 
  Import took 0.025659 seconds .

========================================================================
Received Import Request.
  Time since last request: 1.101081 seconds.
  path: Assets/MyAddon/ProjectileBase.cs
  artifactKey: Guid(fd399674b3594b84295a6d38a5897e20) Importer(815301076,1909f56bfc062723c751e8b465ee728b)
Start importing Assets/MyAddon/ProjectileBase.cs using Guid(fd399674b3594b84295a6d38a5897e20) Importer(815301076,1909f56bfc062723c751e8b465ee728b)  -> (artifact id: '7ad43507f8dfe2f676cbe28840f07b2c') in 0.002671 seconds 
  Import took 0.033259 seconds .

========================================================================
Received Prepare
Registering precompiled user dll's ...
Registered in 0.010477 seconds.
Begin MonoManager ReloadAssembly
Native extension for WindowsStandalone target not found
Native extension for WebGL target not found
Refreshing native plugins compatible for Editor in 1.38 ms, found 2 plugins.
Preloading 0 native plugins for Editor in 0.00 ms.
Mono: successfully reloaded assembly
- Completed reload, in  2.209 seconds
Platform modules already initialized, skipping
Refreshing native plugins compatible for Editor in 1.27 ms, found 2 plugins.
Preloading 0 native plugins for Editor in 0.00 ms.
Unloading 2294 Unused Serialized files (Serialized files now loaded: 0)
System memory in use before: 188.7 MB.
System memory in use after: 188.9 MB.

Unloading 35 unused Assets to reduce memory usage. Loaded Objects now: 2824.
Total: 4.256000 ms (FindLiveObjects: 0.545500 ms CreateObjectMapping: 0.184800 ms MarkObjects: 3.329500 ms  DeleteObjects: 0.194800 ms)

AssetImportParameters requested are different than current active one (requested -> active):
  custom:framework-win-MediaFoundation: 216162199b28c13a410421893ffa2e32 -> 
  custom:video-decoder-ogg-theora: a1e56fd34408186e4bbccfd4996cb3dc -> 
  custom:container-muxer-webm: aa71ff27fc2769a1b78a27578f13a17b -> 
  custom:container-demuxer-webm: 4f35f7cbe854078d1ac9338744f61a02 -> 
  custom:container-demuxer-ogg: 62fdf1f143b41e24485cea50d1cbac27 -> 
  custom:video-encoder-webm-vp8: eb34c28f22e8b96e1ab97ce403110664 -> 
  custom:video-decoder-webm-vp8: 9c59270c3fd7afecdb556c50c9e8de78 -> 
  custom:audio-decoder-ogg-vorbis: bf7c407c2cedff20999df2af8eb42d56 -> 
  custom:audio-encoder-webm-vorbis: bf7c407c2cedff20999df2af8eb42d56 -> 
========================================================================
Received Prepare
Registering precompiled user dll's ...
Registered in 0.009109 seconds.
Begin MonoManager ReloadAssembly
Native extension for WindowsStandalone target not found
Native extension for WebGL target not found
Refreshing native plugins compatible for Editor in 1.24 ms, found 2 plugins.
Preloading 0 native plugins for Editor in 0.00 ms.
Mono: successfully reloaded assembly
- Completed reload, in  2.482 seconds
Platform modules already initialized, skipping
Refreshing native plugins compatible for Editor in 1.90 ms, found 2 plugins.
Preloading 0 native plugins for Editor in 0.00 ms.
Unloading 2294 Unused Serialized files (Serialized files now loaded: 0)
System memory in use before: 188.6 MB.
System memory in use after: 188.8 MB.

Unloading 35 unused Assets to reduce memory usage. Loaded Objects now: 2826.
Total: 7.713500 ms (FindLiveObjects: 0.657700 ms CreateObjectMapping: 0.188000 ms MarkObjects: 6.601900 ms  DeleteObjects: 0.263500 ms)

AssetImportParameters requested are different than current active one (requested -> active):
  custom:framework-win-MediaFoundation: 216162199b28c13a410421893ffa2e32 -> 
  custom:video-decoder-ogg-theora: a1e56fd34408186e4bbccfd4996cb3dc -> 
  custom:container-muxer-webm: aa71ff27fc2769a1b78a27578f13a17b -> 
  custom:container-demuxer-webm: 4f35f7cbe854078d1ac9338744f61a02 -> 
  custom:container-demuxer-ogg: 62fdf1f143b41e24485cea50d1cbac27 -> 
  custom:video-encoder-webm-vp8: eb34c28f22e8b96e1ab97ce403110664 -> 
  custom:video-decoder-webm-vp8: 9c59270c3fd7afecdb556c50c9e8de78 -> 
  custom:audio-decoder-ogg-vorbis: bf7c407c2cedff20999df2af8eb42d56 -> 
  custom:audio-encoder-webm-vorbis: bf7c407c2cedff20999df2af8eb42d56 -> 
========================================================================
Received Prepare
Registering precompiled user dll's ...
Registered in 0.007948 seconds.
Begin MonoManager ReloadAssembly
Native extension for WindowsStandalone target not found
Native extension for WebGL target not found
Refreshing native plugins compatible for Editor in 1.30 ms, found 2 plugins.
Preloading 0 native plugins for Editor in 0.00 ms.
Mono: successfully reloaded assembly
- Completed reload, in  2.355 seconds
Platform modules already initialized, skipping
Refreshing native plugins compatible for Editor in 1.22 ms, found 2 plugins.
Preloading 0 native plugins for Editor in 0.00 ms.
Unloading 2294 Unused Serialized files (Serialized files now loaded: 0)
System memory in use before: 188.7 MB.
System memory in use after: 188.9 MB.

Unloading 35 unused Assets to reduce memory usage. Loaded Objects now: 2828.
Total: 4.993300 ms (FindLiveObjects: 0.721600 ms CreateObjectMapping: 0.228700 ms MarkObjects: 3.854200 ms  DeleteObjects: 0.187200 ms)

AssetImportParameters requested are different than current active one (requested -> active):
  custom:framework-win-MediaFoundation: 216162199b28c13a410421893ffa2e32 -> 
  custom:video-decoder-ogg-theora: a1e56fd34408186e4bbccfd4996cb3dc -> 
  custom:container-muxer-webm: aa71ff27fc2769a1b78a27578f13a17b -> 
  custom:container-demuxer-webm: 4f35f7cbe854078d1ac9338744f61a02 -> 
  custom:container-demuxer-ogg: 62fdf1f143b41e24485cea50d1cbac27 -> 
  custom:video-encoder-webm-vp8: eb34c28f22e8b96e1ab97ce403110664 -> 
  custom:video-decoder-webm-vp8: 9c59270c3fd7afecdb556c50c9e8de78 -> 
  custom:audio-decoder-ogg-vorbis: bf7c407c2cedff20999df2af8eb42d56 -> 
  custom:audio-encoder-webm-vorbis: bf7c407c2cedff20999df2af8eb42d56 -> 
========================================================================
Received Prepare
Registering precompiled user dll's ...
Registered in 0.009092 seconds.
Begin MonoManager ReloadAssembly
Native extension for WindowsStandalone target not found
Native extension for WebGL target not found
Refreshing native plugins compatible for Editor in 1.23 ms, found 2 plugins.
Preloading 0 native plugins for Editor in 0.00 ms.
Mono: successfully reloaded assembly
- Completed reload, in  2.002 seconds
Platform modules already initialized, skipping
Refreshing native plugins compatible for Editor in 1.43 ms, found 2 plugins.
Preloading 0 native plugins for Editor in 0.00 ms.
Unloading 2294 Unused Serialized files (Serialized files now loaded: 0)
System memory in use before: 188.7 MB.
System memory in use after: 188.9 MB.

Unloading 35 unused Assets to reduce memory usage. Loaded Objects now: 2830.
Total: 4.698400 ms (FindLiveObjects: 0.569400 ms CreateObjectMapping: 0.182900 ms MarkObjects: 3.715800 ms  DeleteObjects: 0.228300 ms)

AssetImportParameters requested are different than current active one (requested -> active):
  custom:framework-win-MediaFoundation: 216162199b28c13a410421893ffa2e32 -> 
  custom:video-decoder-ogg-theora: a1e56fd34408186e4bbccfd4996cb3dc -> 
  custom:container-muxer-webm: aa71ff27fc2769a1b78a27578f13a17b -> 
  custom:container-demuxer-webm: 4f35f7cbe854078d1ac9338744f61a02 -> 
  custom:container-demuxer-ogg: 62fdf1f143b41e24485cea50d1cbac27 -> 
  custom:video-encoder-webm-vp8: eb34c28f22e8b96e1ab97ce403110664 -> 
  custom:video-decoder-webm-vp8: 9c59270c3fd7afecdb556c50c9e8de78 -> 
  custom:audio-decoder-ogg-vorbis: bf7c407c2cedff20999df2af8eb42d56 -> 
  custom:audio-encoder-webm-vorbis: bf7c407c2cedff20999df2af8eb42d56 -> 
========================================================================
Received Prepare
Registering precompiled user dll's ...
Registered in 0.011769 seconds.
Begin MonoManager ReloadAssembly
Native extension for WindowsStandalone target not found
Native extension for WebGL target not found
Refreshing native plugins compatible for Editor in 1.60 ms, found 2 plugins.
Preloading 0 native plugins for Editor in 0.00 ms.
Mono: successfully reloaded assembly
- Completed reload, in  2.869 seconds
Platform modules already initialized, skipping
Refreshing native plugins compatible for Editor in 1.32 ms, found 2 plugins.
Preloading 0 native plugins for Editor in 0.00 ms.
Unloading 2294 Unused Serialized files (Serialized files now loaded: 0)
System memory in use before: 188.7 MB.
System memory in use after: 188.9 MB.

Unloading 35 unused Assets to reduce memory usage. Loaded Objects now: 2832.
Total: 6.273500 ms (FindLiveObjects: 0.552500 ms CreateObjectMapping: 0.167600 ms MarkObjects: 5.293900 ms  DeleteObjects: 0.257000 ms)

AssetImportParameters requested are different than current active one (requested -> active):
  custom:framework-win-MediaFoundation: 216162199b28c13a410421893ffa2e32 -> 
  custom:video-decoder-ogg-theora: a1e56fd34408186e4bbccfd4996cb3dc -> 
  custom:container-muxer-webm: aa71ff27fc2769a1b78a27578f13a17b -> 
  custom:container-demuxer-webm: 4f35f7cbe854078d1ac9338744f61a02 -> 
  custom:container-demuxer-ogg: 62fdf1f143b41e24485cea50d1cbac27 -> 
  custom:video-encoder-webm-vp8: eb34c28f22e8b96e1ab97ce403110664 -> 
  custom:video-decoder-webm-vp8: 9c59270c3fd7afecdb556c50c9e8de78 -> 
  custom:audio-decoder-ogg-vorbis: bf7c407c2cedff20999df2af8eb42d56 -> 
  custom:audio-encoder-webm-vorbis: bf7c407c2cedff20999df2af8eb42d56 -> 
AssetImportWorkerClient::OnTransportError - code=2 error=End of file
